** [Copycopter] [P:4153] [T:10206760] Client 2.0.1 ready
** [Copycopter] [P:4153] [T:10206760] Environment Info: [Ruby: 2.0.0] [Rails: 4.0.0.beta1] [Env: development]
** [Copycopter] [P:4153] [T:31471500] Downloaded translations


Started GET "/users" for 127.0.0.1 at 2013-12-30 20:11:35 +0530

Mysql2::Error (Unknown database 'sampleApp_development'):
  mysql2 (0.3.14) lib/mysql2/client.rb:67:in `connect'
  mysql2 (0.3.14) lib/mysql2/client.rb:67:in `initialize'
  activerecord (4.0.0.beta1) lib/active_record/connection_adapters/mysql2_adapter.rb:18:in `new'
  activerecord (4.0.0.beta1) lib/active_record/connection_adapters/mysql2_adapter.rb:18:in `mysql2_connection'
  activerecord (4.0.0.beta1) lib/active_record/connection_adapters/abstract/connection_pool.rb:446:in `new_connection'
  activerecord (4.0.0.beta1) lib/active_record/connection_adapters/abstract/connection_pool.rb:456:in `checkout_new_connection'
  activerecord (4.0.0.beta1) lib/active_record/connection_adapters/abstract/connection_pool.rb:427:in `acquire_connection'
  activerecord (4.0.0.beta1) lib/active_record/connection_adapters/abstract/connection_pool.rb:364:in `block in checkout'
  /home/cis/.rvm/rubies/ruby-2.0.0-p0/lib/ruby/2.0.0/monitor.rb:211:in `mon_synchronize'
  activerecord (4.0.0.beta1) lib/active_record/connection_adapters/abstract/connection_pool.rb:363:in `checkout'
  activerecord (4.0.0.beta1) lib/active_record/connection_adapters/abstract/connection_pool.rb:273:in `block in connection'
  /home/cis/.rvm/rubies/ruby-2.0.0-p0/lib/ruby/2.0.0/monitor.rb:211:in `mon_synchronize'
  activerecord (4.0.0.beta1) lib/active_record/connection_adapters/abstract/connection_pool.rb:272:in `connection'
  activerecord (4.0.0.beta1) lib/active_record/connection_adapters/abstract/connection_pool.rb:552:in `retrieve_connection'
  activerecord (4.0.0.beta1) lib/active_record/connection_handling.rb:79:in `retrieve_connection'
  activerecord (4.0.0.beta1) lib/active_record/connection_handling.rb:53:in `connection'
  activerecord (4.0.0.beta1) lib/active_record/migration.rb:739:in `current_version'
  activerecord (4.0.0.beta1) lib/active_record/migration.rb:747:in `needs_migration?'
  activerecord (4.0.0.beta1) lib/active_record/migration.rb:357:in `check_pending!'
  activerecord (4.0.0.beta1) lib/active_record/migration.rb:346:in `block in call'
  activesupport (4.0.0.beta1) lib/active_support/logger_silence.rb:16:in `silence'
  activerecord (4.0.0.beta1) lib/active_record/migration.rb:345:in `call'
  actionpack (4.0.0.beta1) lib/action_dispatch/middleware/callbacks.rb:29:in `block in call'
  activesupport (4.0.0.beta1) lib/active_support/callbacks.rb:373:in `_run__4161458884930353037__call__callbacks'
  activesupport (4.0.0.beta1) lib/active_support/callbacks.rb:78:in `run_callbacks'
  actionpack (4.0.0.beta1) lib/action_dispatch/middleware/callbacks.rb:27:in `call'
  actionpack (4.0.0.beta1) lib/action_dispatch/middleware/reloader.rb:64:in `call'
  actionpack (4.0.0.beta1) lib/action_dispatch/middleware/remote_ip.rb:76:in `call'
  actionpack (4.0.0.beta1) lib/action_dispatch/middleware/debug_exceptions.rb:17:in `call'
  actionpack (4.0.0.beta1) lib/action_dispatch/middleware/show_exceptions.rb:30:in `call'
  railties (4.0.0.beta1) lib/rails/rack/logger.rb:38:in `call_app'
  railties (4.0.0.beta1) lib/rails/rack/logger.rb:21:in `block in call'
  activesupport (4.0.0.beta1) lib/active_support/tagged_logging.rb:67:in `block in tagged'
  activesupport (4.0.0.beta1) lib/active_support/tagged_logging.rb:25:in `tagged'
  activesupport (4.0.0.beta1) lib/active_support/tagged_logging.rb:67:in `tagged'
  railties (4.0.0.beta1) lib/rails/rack/logger.rb:21:in `call'
  actionpack (4.0.0.beta1) lib/action_dispatch/middleware/request_id.rb:21:in `call'
  rack (1.5.2) lib/rack/methodoverride.rb:21:in `call'
  rack (1.5.2) lib/rack/runtime.rb:17:in `call'
  activesupport (4.0.0.beta1) lib/active_support/cache/strategy/local_cache.rb:72:in `call'
  rack (1.5.2) lib/rack/lock.rb:17:in `call'
  actionpack (4.0.0.beta1) lib/action_dispatch/middleware/static.rb:64:in `call'
  railties (4.0.0.beta1) lib/rails/engine.rb:510:in `call'
  railties (4.0.0.beta1) lib/rails/application.rb:96:in `call'
  rack (1.5.2) lib/rack/lock.rb:17:in `call'
  rack (1.5.2) lib/rack/content_length.rb:14:in `call'
  railties (4.0.0.beta1) lib/rails/rack/debugger.rb:20:in `call'
  rack (1.5.2) lib/rack/handler/webrick.rb:60:in `service'
  /home/cis/.rvm/rubies/ruby-2.0.0-p0/lib/ruby/2.0.0/webrick/httpserver.rb:138:in `service'
  /home/cis/.rvm/rubies/ruby-2.0.0-p0/lib/ruby/2.0.0/webrick/httpserver.rb:94:in `run'
  /home/cis/.rvm/rubies/ruby-2.0.0-p0/lib/ruby/2.0.0/webrick/server.rb:295:in `block in start_thread'


  Rendered /home/cis/.rvm/gems/ruby-2.0.0-p0@rails4/gems/actionpack-4.0.0.beta1/lib/action_dispatch/middleware/templates/rescues/_source.erb (0.8ms)
  Rendered /home/cis/.rvm/gems/ruby-2.0.0-p0@rails4/gems/actionpack-4.0.0.beta1/lib/action_dispatch/middleware/templates/rescues/_trace.erb (1.6ms)
  Rendered /home/cis/.rvm/gems/ruby-2.0.0-p0@rails4/gems/actionpack-4.0.0.beta1/lib/action_dispatch/middleware/templates/rescues/_request_and_response.erb (1.6ms)
  Rendered /home/cis/.rvm/gems/ruby-2.0.0-p0@rails4/gems/actionpack-4.0.0.beta1/lib/action_dispatch/middleware/templates/rescues/diagnostics.erb within rescues/layout (17.9ms)
** [Copycopter] [P:4379] [T:7200300] Client 2.0.1 ready
** [Copycopter] [P:4379] [T:7200300] Environment Info: [Ruby: 2.0.0] [Rails: 4.0.0.beta1] [Env: development]
  [1m[36m (118.4ms)[0m  [1mCREATE TABLE `schema_migrations` (`version` varchar(255) NOT NULL) ENGINE=InnoDB[0m
  [1m[35m (172.0ms)[0m  CREATE UNIQUE INDEX `unique_schema_migrations` ON `schema_migrations` (`version`)
  [1m[36mActiveRecord::SchemaMigration Load (0.8ms)[0m  [1mSELECT `schema_migrations`.* FROM `schema_migrations`[0m
Migrating to CreateUsers (20131230143914)
** [Copycopter] [P:4379] [T:32909220] Downloaded translations
  [1m[35m (123.2ms)[0m  CREATE TABLE `users` (`id` int(11) DEFAULT NULL auto_increment PRIMARY KEY, `name` varchar(255), `created_at` datetime, `updated_at` datetime) ENGINE=InnoDB
  [1m[36m (0.1ms)[0m  [1mBEGIN[0m
  [1m[35mSQL (1.0ms)[0m  INSERT INTO `schema_migrations` (`version`) VALUES ('20131230143914')
  [1m[36m (56.8ms)[0m  [1mCOMMIT[0m
  [1m[35mActiveRecord::SchemaMigration Load (0.6ms)[0m  SELECT `schema_migrations`.* FROM `schema_migrations`
** [Copycopter] [P:4396] [T:6954540] Client 2.0.1 ready
** [Copycopter] [P:4396] [T:6954540] Environment Info: [Ruby: 2.0.0] [Rails: 4.0.0.beta1] [Env: development]
** [Copycopter] [P:4396] [T:27234160] Downloaded translations


Started GET "/users" for 127.0.0.1 at 2013-12-30 20:12:04 +0530
** [Copycopter] [P:4396] [T:30975960] No new translations
Processing by UsersController#index as HTML
  [1m[36mUser Load (0.4ms)[0m  [1mSELECT `users`.* FROM `users`[0m
  Rendered users/index.html.erb within layouts/application (60.2ms)
Completed 200 OK in 646ms (Views: 627.3ms | ActiveRecord: 0.4ms)
** [Copycopter] [P:4396] [T:30975960] Uploaded missing translations


Started GET "/assets/application.css?body=1" for 127.0.0.1 at 2013-12-30 20:12:10 +0530


Started GET "/assets/scaffolds.css?body=1" for 127.0.0.1 at 2013-12-30 20:12:10 +0530


Started GET "/assets/users.css?body=1" for 127.0.0.1 at 2013-12-30 20:12:10 +0530


Started GET "/assets/jquery_ujs.js?body=1" for 127.0.0.1 at 2013-12-30 20:12:10 +0530


Started GET "/assets/turbolinks.js?body=1" for 127.0.0.1 at 2013-12-30 20:12:10 +0530


Started GET "/assets/jquery.js?body=1" for 127.0.0.1 at 2013-12-30 20:12:10 +0530


Started GET "/assets/users.js?body=1" for 127.0.0.1 at 2013-12-30 20:12:10 +0530


Started GET "/assets/application.js?body=1" for 127.0.0.1 at 2013-12-30 20:12:10 +0530


Started GET "/users" for 127.0.0.1 at 2013-12-30 20:16:40 +0530
** [Copycopter] [P:4396] [T:35348000] Downloaded translations
Processing by UsersController#index as HTML
  [1m[35mUser Load (0.7ms)[0m  SELECT `users`.* FROM `users`
  Rendered users/index.html.erb within layouts/application (3.5ms)
Completed 200 OK in 12ms (Views: 7.8ms | ActiveRecord: 0.7ms)
** [Copycopter] [P:4396] [T:35348000] Uploaded missing translations


Started GET "/assets/application.css?body=1" for 127.0.0.1 at 2013-12-30 20:16:41 +0530


Started GET "/assets/users.css?body=1" for 127.0.0.1 at 2013-12-30 20:16:41 +0530


Started GET "/assets/jquery.js?body=1" for 127.0.0.1 at 2013-12-30 20:16:41 +0530


Started GET "/assets/scaffolds.css?body=1" for 127.0.0.1 at 2013-12-30 20:16:41 +0530


Started GET "/assets/turbolinks.js?body=1" for 127.0.0.1 at 2013-12-30 20:16:41 +0530


Started GET "/assets/jquery_ujs.js?body=1" for 127.0.0.1 at 2013-12-30 20:16:41 +0530


Started GET "/assets/application.js?body=1" for 127.0.0.1 at 2013-12-30 20:16:41 +0530


Started GET "/assets/users.js?body=1" for 127.0.0.1 at 2013-12-30 20:16:41 +0530
** [Copycopter] [P:4396] [T:27234160] Downloaded translations


Started GET "/users" for 127.0.0.1 at 2013-12-30 20:18:46 +0530
** [Copycopter] [P:4396] [T:38554040] No new translations
Processing by UsersController#index as HTML
  [1m[36mUser Load (0.3ms)[0m  [1mSELECT `users`.* FROM `users`[0m
  Rendered users/index.html.erb within layouts/application (2.5ms)
Completed 200 OK in 13ms (Views: 9.8ms | ActiveRecord: 0.3ms)


Started GET "/assets/scaffolds.css?body=1" for 127.0.0.1 at 2013-12-30 20:18:47 +0530


Started GET "/assets/jquery.js?body=1" for 127.0.0.1 at 2013-12-30 20:18:47 +0530


Started GET "/assets/turbolinks.js?body=1" for 127.0.0.1 at 2013-12-30 20:18:47 +0530


Started GET "/assets/jquery_ujs.js?body=1" for 127.0.0.1 at 2013-12-30 20:18:47 +0530


Started GET "/assets/users.css?body=1" for 127.0.0.1 at 2013-12-30 20:18:47 +0530


Started GET "/assets/application.css?body=1" for 127.0.0.1 at 2013-12-30 20:18:47 +0530


Started GET "/assets/users.js?body=1" for 127.0.0.1 at 2013-12-30 20:18:47 +0530


Started GET "/assets/application.js?body=1" for 127.0.0.1 at 2013-12-30 20:18:47 +0530


Started GET "/users" for 127.0.0.1 at 2013-12-30 20:21:43 +0530
** [Copycopter] [P:4396] [T:40589740] No new translations
Processing by UsersController#index as HTML
  [1m[35mUser Load (0.8ms)[0m  SELECT `users`.* FROM `users`
  Rendered users/index.html.erb within layouts/application (5.6ms)
Completed 200 OK in 19ms (Views: 14.5ms | ActiveRecord: 0.8ms)


Started GET "/assets/scaffolds.css?body=1" for 127.0.0.1 at 2013-12-30 20:21:48 +0530


Started GET "/assets/jquery.js?body=1" for 127.0.0.1 at 2013-12-30 20:21:48 +0530


Started GET "/assets/turbolinks.js?body=1" for 127.0.0.1 at 2013-12-30 20:21:48 +0530


Started GET "/assets/application.css?body=1" for 127.0.0.1 at 2013-12-30 20:21:48 +0530


Started GET "/assets/users.css?body=1" for 127.0.0.1 at 2013-12-30 20:21:48 +0530


Started GET "/assets/jquery_ujs.js?body=1" for 127.0.0.1 at 2013-12-30 20:21:48 +0530


Started GET "/assets/users.js?body=1" for 127.0.0.1 at 2013-12-30 20:21:48 +0530


Started GET "/assets/application.js?body=1" for 127.0.0.1 at 2013-12-30 20:21:48 +0530
** [Copycopter] [P:4396] [T:27234160] No new translations
** [Copycopter] [P:6326] [T:6676020] Client 2.0.1 ready
** [Copycopter] [P:6326] [T:6676020] Environment Info: [Ruby: 2.0.0] [Rails: 4.0.0.beta1] [Env: development]
** [Copycopter] [P:6326] [T:30717920] Downloaded translations


Started GET "/users" for 127.0.0.1 at 2013-12-30 20:22:44 +0530
** [Copycopter] [P:6326] [T:33890400] No new translations
Processing by UsersController#index as HTML
  [1m[36mUser Load (0.3ms)[0m  [1mSELECT `users`.* FROM `users`[0m
  Rendered users/index.html.erb within layouts/application (11.1ms)
Completed 200 OK in 125ms (Views: 106.5ms | ActiveRecord: 0.3ms)
** [Copycopter] [P:6326] [T:33890400] Uploaded missing translations


Started GET "/assets/application.css?body=1" for 127.0.0.1 at 2013-12-30 20:22:47 +0530


Started GET "/assets/scaffolds.css?body=1" for 127.0.0.1 at 2013-12-30 20:22:47 +0530


Started GET "/assets/users.css?body=1" for 127.0.0.1 at 2013-12-30 20:22:47 +0530


Started GET "/assets/jquery.js?body=1" for 127.0.0.1 at 2013-12-30 20:22:47 +0530


Started GET "/assets/turbolinks.js?body=1" for 127.0.0.1 at 2013-12-30 20:22:47 +0530


Started GET "/assets/jquery_ujs.js?body=1" for 127.0.0.1 at 2013-12-30 20:22:47 +0530


Started GET "/assets/users.js?body=1" for 127.0.0.1 at 2013-12-30 20:22:47 +0530


Started GET "/assets/application.js?body=1" for 127.0.0.1 at 2013-12-30 20:22:47 +0530
** [Copycopter] [P:6807] [T:19529260] Client 2.0.1 ready
** [Copycopter] [P:6807] [T:19529260] Environment Info: [Ruby: 2.0.0] [Rails: 4.0.0.beta1] [Env: development]
** [Copycopter] [P:6807] [T:41571100] Downloaded translations


Started GET "/users" for 127.0.0.1 at 2013-12-30 20:25:19 +0530
** [Copycopter] [P:6807] [T:43908340] No new translations
Processing by UsersController#index as HTML
  [1m[36mUser Load (0.4ms)[0m  [1mSELECT `users`.* FROM `users`[0m
  Rendered users/index.html.erb within layouts/application (4.5ms)
Completed 200 OK in 72ms (Views: 51.3ms | ActiveRecord: 0.4ms)


Started GET "/assets/application.css?body=1" for 127.0.0.1 at 2013-12-30 20:25:25 +0530


Started GET "/assets/scaffolds.css?body=1" for 127.0.0.1 at 2013-12-30 20:25:25 +0530


Started GET "/assets/jquery.js?body=1" for 127.0.0.1 at 2013-12-30 20:25:25 +0530


Started GET "/assets/jquery_ujs.js?body=1" for 127.0.0.1 at 2013-12-30 20:25:25 +0530


Started GET "/assets/users.css?body=1" for 127.0.0.1 at 2013-12-30 20:25:25 +0530


Started GET "/assets/turbolinks.js?body=1" for 127.0.0.1 at 2013-12-30 20:25:25 +0530


Started GET "/assets/users.js?body=1" for 127.0.0.1 at 2013-12-30 20:25:25 +0530


Started GET "/assets/application.js?body=1" for 127.0.0.1 at 2013-12-30 20:25:25 +0530
** [Copycopter] [P:6807] [T:41571100] No new translations
** [Copycopter] [P:6807] [T:41571100] No new translations
** [Copycopter] [P:6807] [T:41571100] No new translations
** [Copycopter] [P:6807] [T:41571100] No new translations
** [Copycopter] [P:6807] [T:41571100] No new translations
** [Copycopter] [P:6807] [T:41571100] No new translations
** [Copycopter] [P:6807] [T:41571100] Net::OpenTimeout: execution expired
** [Copycopter] [P:6807] [T:41571100] No new translations
** [Copycopter] [P:6807] [T:41571100] No new translations
** [Copycopter] [P:6807] [T:41571100] No new translations
** [Copycopter] [P:6807] [T:41571100] No new translations
** [Copycopter] [P:6807] [T:41571100] No new translations
** [Copycopter] [P:6807] [T:41571100] No new translations
** [Copycopter] [P:6807] [T:41571100] No new translations
** [Copycopter] [P:6807] [T:41571100] Net::OpenTimeout: execution expired
** [Copycopter] [P:6807] [T:41571100] No new translations
** [Copycopter] [P:6807] [T:41571100] No new translations
** [Copycopter] [P:6807] [T:41571100] No new translations
** [Copycopter] [P:6807] [T:41571100] No new translations
** [Copycopter] [P:6807] [T:41571100] No new translations
** [Copycopter] [P:6807] [T:41571100] No new translations
** [Copycopter] [P:6807] [T:41571100] No new translations
** [Copycopter] [P:6807] [T:41571100] No new translations
** [Copycopter] [P:6807] [T:41571100] No new translations
** [Copycopter] [P:6807] [T:41571100] No new translations
** [Copycopter] [P:6807] [T:41571100] No new translations
** [Copycopter] [P:6807] [T:41571100] No new translations
** [Copycopter] [P:6807] [T:41571100] No new translations
** [Copycopter] [P:6807] [T:41571100] No new translations
** [Copycopter] [P:6807] [T:41571100] No new translations
** [Copycopter] [P:6807] [T:41571100] No new translations
** [Copycopter] [P:6807] [T:41571100] No new translations
** [Copycopter] [P:6807] [T:41571100] No new translations
** [Copycopter] [P:6807] [T:41571100] No new translations
** [Copycopter] [P:6807] [T:41571100] No new translations
** [Copycopter] [P:6807] [T:41571100] No new translations
** [Copycopter] [P:6807] [T:41571100] No new translations
** [Copycopter] [P:6807] [T:41571100] No new translations
** [Copycopter] [P:6807] [T:41571100] No new translations
** [Copycopter] [P:6807] [T:41571100] No new translations
** [Copycopter] [P:6807] [T:41571100] No new translations
** [Copycopter] [P:6807] [T:41571100] No new translations
** [Copycopter] [P:6807] [T:41571100] No new translations
** [Copycopter] [P:6807] [T:41571100] No new translations
** [Copycopter] [P:6807] [T:41571100] No new translations
** [Copycopter] [P:6807] [T:41571100] No new translations
** [Copycopter] [P:6807] [T:41571100] No new translations
** [Copycopter] [P:6807] [T:41571100] No new translations
** [Copycopter] [P:6807] [T:41571100] No new translations
** [Copycopter] [P:6807] [T:41571100] No new translations
** [Copycopter] [P:6807] [T:41571100] No new translations
** [Copycopter] [P:6807] [T:41571100] No new translations
** [Copycopter] [P:6807] [T:41571100] No new translations
** [Copycopter] [P:6807] [T:41571100] No new translations
** [Copycopter] [P:6807] [T:41571100] No new translations
** [Copycopter] [P:6807] [T:41571100] No new translations
** [Copycopter] [P:6807] [T:41571100] No new translations
** [Copycopter] [P:6807] [T:41571100] No new translations
** [Copycopter] [P:6807] [T:41571100] No new translations
** [Copycopter] [P:6807] [T:41571100] No new translations
** [Copycopter] [P:6807] [T:41571100] No new translations
** [Copycopter] [P:6807] [T:41571100] No new translations
** [Copycopter] [P:6807] [T:41571100] No new translations
** [Copycopter] [P:6807] [T:41571100] No new translations
** [Copycopter] [P:6807] [T:41571100] No new translations
** [Copycopter] [P:6807] [T:41571100] No new translations
** [Copycopter] [P:6807] [T:41571100] No new translations
** [Copycopter] [P:6807] [T:41571100] No new translations
** [Copycopter] [P:6807] [T:41571100] No new translations
** [Copycopter] [P:6807] [T:41571100] No new translations
** [Copycopter] [P:6807] [T:41571100] No new translations
** [Copycopter] [P:6807] [T:41571100] No new translations
** [Copycopter] [P:6807] [T:41571100] No new translations
** [Copycopter] [P:6807] [T:41571100] No new translations
** [Copycopter] [P:6807] [T:41571100] No new translations
** [Copycopter] [P:6807] [T:41571100] No new translations
** [Copycopter] [P:6807] [T:41571100] No new translations
** [Copycopter] [P:6807] [T:41571100] No new translations
** [Copycopter] [P:6807] [T:41571100] No new translations
** [Copycopter] [P:6807] [T:41571100] No new translations
** [Copycopter] [P:6807] [T:41571100] No new translations
** [Copycopter] [P:6807] [T:41571100] No new translations
** [Copycopter] [P:6807] [T:41571100] No new translations
** [Copycopter] [P:6807] [T:41571100] No new translations
** [Copycopter] [P:6807] [T:41571100] No new translations
** [Copycopter] [P:6807] [T:41571100] No new translations
** [Copycopter] [P:6807] [T:41571100] No new translations
** [Copycopter] [P:6807] [T:41571100] No new translations
** [Copycopter] [P:6807] [T:41571100] No new translations
** [Copycopter] [P:6807] [T:41571100] No new translations
** [Copycopter] [P:6807] [T:41571100] No new translations
** [Copycopter] [P:6807] [T:41571100] No new translations
** [Copycopter] [P:6807] [T:41571100] No new translations
** [Copycopter] [P:6807] [T:41571100] No new translations
** [Copycopter] [P:6807] [T:41571100] No new translations
** [Copycopter] [P:6807] [T:41571100] No new translations
** [Copycopter] [P:6807] [T:41571100] No new translations
** [Copycopter] [P:6807] [T:41571100] No new translations
** [Copycopter] [P:6807] [T:41571100] No new translations
** [Copycopter] [P:6807] [T:41571100] No new translations
** [Copycopter] [P:6807] [T:41571100] No new translations
** [Copycopter] [P:6807] [T:41571100] No new translations
** [Copycopter] [P:6807] [T:41571100] No new translations
** [Copycopter] [P:6807] [T:41571100] No new translations
** [Copycopter] [P:6807] [T:41571100] No new translations
** [Copycopter] [P:6807] [T:41571100] No new translations
** [Copycopter] [P:6807] [T:41571100] No new translations
** [Copycopter] [P:6807] [T:41571100] No new translations
** [Copycopter] [P:6807] [T:41571100] No new translations
** [Copycopter] [P:6807] [T:41571100] No new translations
** [Copycopter] [P:6807] [T:41571100] No new translations
** [Copycopter] [P:6807] [T:41571100] No new translations
** [Copycopter] [P:6807] [T:41571100] No new translations
** [Copycopter] [P:6807] [T:41571100] No new translations
** [Copycopter] [P:6807] [T:41571100] No new translations
** [Copycopter] [P:6807] [T:41571100] No new translations
** [Copycopter] [P:6807] [T:41571100] No new translations
** [Copycopter] [P:6807] [T:41571100] No new translations
** [Copycopter] [P:6807] [T:41571100] No new translations
** [Copycopter] [P:6807] [T:41571100] No new translations
** [Copycopter] [P:6807] [T:41571100] No new translations
** [Copycopter] [P:6807] [T:41571100] No new translations
** [Copycopter] [P:6807] [T:41571100] No new translations
** [Copycopter] [P:6807] [T:41571100] No new translations
** [Copycopter] [P:6807] [T:41571100] No new translations
** [Copycopter] [P:6807] [T:41571100] No new translations
** [Copycopter] [P:6807] [T:41571100] No new translations
** [Copycopter] [P:6807] [T:41571100] No new translations
** [Copycopter] [P:6807] [T:41571100] No new translations
** [Copycopter] [P:6807] [T:41571100] No new translations
** [Copycopter] [P:6807] [T:41571100] No new translations
** [Copycopter] [P:6807] [T:41571100] No new translations
** [Copycopter] [P:6807] [T:41571100] No new translations
** [Copycopter] [P:6807] [T:41571100] No new translations
** [Copycopter] [P:6807] [T:41571100] No new translations
** [Copycopter] [P:6807] [T:41571100] No new translations
** [Copycopter] [P:6807] [T:41571100] No new translations
** [Copycopter] [P:6807] [T:41571100] No new translations
** [Copycopter] [P:6807] [T:41571100] No new translations
** [Copycopter] [P:6807] [T:41571100] No new translations
** [Copycopter] [P:6807] [T:41571100] No new translations
** [Copycopter] [P:6807] [T:41571100] No new translations
** [Copycopter] [P:6807] [T:41571100] No new translations
** [Copycopter] [P:6807] [T:41571100] No new translations
** [Copycopter] [P:6807] [T:41571100] No new translations
** [Copycopter] [P:6807] [T:41571100] No new translations
** [Copycopter] [P:6807] [T:41571100] No new translations
** [Copycopter] [P:6807] [T:41571100] No new translations
** [Copycopter] [P:6807] [T:41571100] No new translations
** [Copycopter] [P:6807] [T:41571100] No new translations
** [Copycopter] [P:6807] [T:41571100] No new translations
** [Copycopter] [P:6807] [T:41571100] No new translations
** [Copycopter] [P:6807] [T:41571100] No new translations
** [Copycopter] [P:6807] [T:41571100] No new translations
** [Copycopter] [P:6807] [T:41571100] No new translations
** [Copycopter] [P:6807] [T:41571100] No new translations
** [Copycopter] [P:6807] [T:41571100] No new translations
** [Copycopter] [P:6807] [T:41571100] No new translations
** [Copycopter] [P:6807] [T:41571100] No new translations
** [Copycopter] [P:6807] [T:41571100] No new translations
** [Copycopter] [P:6807] [T:41571100] No new translations
** [Copycopter] [P:6807] [T:41571100] No new translations
** [Copycopter] [P:6807] [T:41571100] No new translations
** [Copycopter] [P:6807] [T:41571100] No new translations
** [Copycopter] [P:6807] [T:41571100] No new translations
** [Copycopter] [P:6807] [T:41571100] No new translations
** [Copycopter] [P:6807] [T:41571100] No new translations
** [Copycopter] [P:6807] [T:41571100] No new translations
** [Copycopter] [P:6807] [T:41571100] No new translations
** [Copycopter] [P:6807] [T:41571100] No new translations
** [Copycopter] [P:6807] [T:41571100] No new translations
** [Copycopter] [P:6807] [T:41571100] No new translations
** [Copycopter] [P:6807] [T:41571100] No new translations
** [Copycopter] [P:6807] [T:41571100] No new translations
** [Copycopter] [P:6807] [T:41571100] No new translations
** [Copycopter] [P:6807] [T:41571100] No new translations
** [Copycopter] [P:6807] [T:41571100] No new translations
** [Copycopter] [P:6807] [T:41571100] No new translations
** [Copycopter] [P:6807] [T:41571100] No new translations
** [Copycopter] [P:6807] [T:41571100] No new translations


Started GET "/users" for 127.0.0.1 at 2013-12-31 11:33:39 +0530
** [Copycopter] [P:6807] [T:70130139190500] No new translations
Processing by UsersController#index as HTML
  [1m[35mUser Load (0.6ms)[0m  SELECT `users`.* FROM `users`
  Rendered users/index.html.erb within layouts/application (3.0ms)
Completed 200 OK in 9ms (Views: 7.1ms | ActiveRecord: 0.6ms)


Started GET "/assets/application.css?body=1" for 127.0.0.1 at 2013-12-31 11:33:43 +0530


Started GET "/assets/scaffolds.css?body=1" for 127.0.0.1 at 2013-12-31 11:33:43 +0530


Started GET "/assets/users.css?body=1" for 127.0.0.1 at 2013-12-31 11:33:43 +0530


Started GET "/assets/jquery_ujs.js?body=1" for 127.0.0.1 at 2013-12-31 11:33:43 +0530


Started GET "/assets/turbolinks.js?body=1" for 127.0.0.1 at 2013-12-31 11:33:43 +0530


Started GET "/assets/jquery.js?body=1" for 127.0.0.1 at 2013-12-31 11:33:43 +0530


Started GET "/assets/application.js?body=1" for 127.0.0.1 at 2013-12-31 11:33:43 +0530


Started GET "/assets/users.js?body=1" for 127.0.0.1 at 2013-12-31 11:33:43 +0530
** [Copycopter] [P:6807] [T:41571100] No new translations
** [Copycopter] [P:6807] [T:41571100] No new translations
** [Copycopter] [P:6807] [T:41571100] No new translations
** [Copycopter] [P:6807] [T:41571100] No new translations
** [Copycopter] [P:6807] [T:41571100] No new translations
** [Copycopter] [P:6807] [T:41571100] No new translations


Started GET "/users" for 127.0.0.1 at 2013-12-31 12:02:04 +0530
** [Copycopter] [P:6807] [T:50628820] Downloaded translations
Processing by UsersController#index as HTML
  [1m[36mUser Load (0.9ms)[0m  [1mSELECT `users`.* FROM `users`[0m
  Rendered users/index.html.erb within layouts/application (5.6ms)
Completed 200 OK in 24ms (Views: 20.2ms | ActiveRecord: 0.9ms)


Started GET "/assets/application.css?body=1" for 127.0.0.1 at 2013-12-31 12:02:04 +0530


Started GET "/assets/turbolinks.js?body=1" for 127.0.0.1 at 2013-12-31 12:02:04 +0530


Started GET "/assets/jquery_ujs.js?body=1" for 127.0.0.1 at 2013-12-31 12:02:04 +0530


Started GET "/assets/users.css?body=1" for 127.0.0.1 at 2013-12-31 12:02:04 +0530


Started GET "/assets/scaffolds.css?body=1" for 127.0.0.1 at 2013-12-31 12:02:04 +0530


Started GET "/assets/jquery.js?body=1" for 127.0.0.1 at 2013-12-31 12:02:04 +0530


Started GET "/assets/users.js?body=1" for 127.0.0.1 at 2013-12-31 12:02:04 +0530


Started GET "/assets/application.js?body=1" for 127.0.0.1 at 2013-12-31 12:02:04 +0530


Started GET "/users" for 127.0.0.1 at 2013-12-31 12:02:08 +0530
** [Copycopter] [P:6807] [T:50686000] No new translations
Processing by UsersController#index as HTML
  [1m[35mUser Load (0.3ms)[0m  SELECT `users`.* FROM `users`
  Rendered users/index.html.erb within layouts/application (3.2ms)
Completed 200 OK in 12ms (Views: 7.7ms | ActiveRecord: 0.3ms)


Started GET "/users" for 127.0.0.1 at 2013-12-31 12:02:08 +0530
** [Copycopter] [P:6807] [T:50688140] No new translations
Processing by UsersController#index as HTML
  [1m[36mUser Load (0.9ms)[0m  [1mSELECT `users`.* FROM `users`[0m
  Rendered users/index.html.erb within layouts/application (5.4ms)
Completed 200 OK in 24ms (Views: 20.2ms | ActiveRecord: 0.9ms)


Started GET "/assets/application.css?body=1" for 127.0.0.1 at 2013-12-31 12:02:09 +0530


Started GET "/assets/scaffolds.css?body=1" for 127.0.0.1 at 2013-12-31 12:02:09 +0530


Started GET "/assets/jquery_ujs.js?body=1" for 127.0.0.1 at 2013-12-31 12:02:09 +0530


Started GET "/assets/users.css?body=1" for 127.0.0.1 at 2013-12-31 12:02:09 +0530


Started GET "/assets/jquery.js?body=1" for 127.0.0.1 at 2013-12-31 12:02:09 +0530


Started GET "/assets/turbolinks.js?body=1" for 127.0.0.1 at 2013-12-31 12:02:09 +0530


Started GET "/assets/users.js?body=1" for 127.0.0.1 at 2013-12-31 12:02:09 +0530


Started GET "/assets/application.js?body=1" for 127.0.0.1 at 2013-12-31 12:02:09 +0530


Started GET "/users" for 127.0.0.1 at 2013-12-31 12:02:26 +0530
** [Copycopter] [P:6807] [T:50667620] Downloaded translations
Processing by UsersController#index as HTML
  [1m[35mUser Load (0.3ms)[0m  SELECT `users`.* FROM `users`
  Rendered users/index.html.erb within layouts/application (4.2ms)
Completed 200 OK in 15ms (Views: 11.9ms | ActiveRecord: 0.3ms)


Started GET "/assets/application.css?body=1" for 127.0.0.1 at 2013-12-31 12:02:28 +0530


Started GET "/assets/scaffolds.css?body=1" for 127.0.0.1 at 2013-12-31 12:02:28 +0530


Started GET "/assets/turbolinks.js?body=1" for 127.0.0.1 at 2013-12-31 12:02:28 +0530


Started GET "/assets/jquery.js?body=1" for 127.0.0.1 at 2013-12-31 12:02:28 +0530


Started GET "/assets/jquery_ujs.js?body=1" for 127.0.0.1 at 2013-12-31 12:02:28 +0530


Started GET "/assets/users.css?body=1" for 127.0.0.1 at 2013-12-31 12:02:28 +0530


Started GET "/assets/users.js?body=1" for 127.0.0.1 at 2013-12-31 12:02:28 +0530


Started GET "/assets/application.js?body=1" for 127.0.0.1 at 2013-12-31 12:02:28 +0530


Started GET "/users" for 127.0.0.1 at 2013-12-31 12:03:27 +0530
** [Copycopter] [P:6807] [T:49955320] Downloaded translations
Processing by UsersController#index as HTML
  [1m[36mUser Load (0.8ms)[0m  [1mSELECT `users`.* FROM `users`[0m
  Rendered users/index.html.erb within layouts/application (5.2ms)
Completed 200 OK in 17ms (Views: 13.2ms | ActiveRecord: 0.8ms)


Started GET "/assets/application.css?body=1" for 127.0.0.1 at 2013-12-31 12:03:29 +0530


Started GET "/assets/jquery.js?body=1" for 127.0.0.1 at 2013-12-31 12:03:29 +0530


Started GET "/assets/users.css?body=1" for 127.0.0.1 at 2013-12-31 12:03:29 +0530


Started GET "/assets/turbolinks.js?body=1" for 127.0.0.1 at 2013-12-31 12:03:29 +0530


Started GET "/assets/scaffolds.css?body=1" for 127.0.0.1 at 2013-12-31 12:03:29 +0530


Started GET "/assets/jquery_ujs.js?body=1" for 127.0.0.1 at 2013-12-31 12:03:29 +0530


Started GET "/assets/users.js?body=1" for 127.0.0.1 at 2013-12-31 12:03:29 +0530


Started GET "/assets/application.js?body=1" for 127.0.0.1 at 2013-12-31 12:03:29 +0530


Started GET "/users" for 127.0.0.1 at 2013-12-31 12:03:56 +0530
** [Copycopter] [P:6807] [T:49970380] No new translations
Processing by UsersController#index as HTML
  [1m[35mUser Load (0.9ms)[0m  SELECT `users`.* FROM `users`
  Rendered users/index.html.erb within layouts/application (5.3ms)
Completed 200 OK in 22ms (Views: 18.9ms | ActiveRecord: 0.9ms)


Started GET "/assets/application.css?body=1" for 127.0.0.1 at 2013-12-31 12:03:57 +0530


Started GET "/assets/scaffolds.css?body=1" for 127.0.0.1 at 2013-12-31 12:03:57 +0530


Started GET "/assets/jquery.js?body=1" for 127.0.0.1 at 2013-12-31 12:03:57 +0530


Started GET "/assets/users.css?body=1" for 127.0.0.1 at 2013-12-31 12:03:57 +0530


Started GET "/assets/turbolinks.js?body=1" for 127.0.0.1 at 2013-12-31 12:03:57 +0530


Started GET "/assets/jquery_ujs.js?body=1" for 127.0.0.1 at 2013-12-31 12:03:57 +0530


Started GET "/assets/users.js?body=1" for 127.0.0.1 at 2013-12-31 12:03:57 +0530


Started GET "/assets/application.js?body=1" for 127.0.0.1 at 2013-12-31 12:03:57 +0530


Started GET "/users" for 127.0.0.1 at 2013-12-31 12:04:15 +0530
** [Copycopter] [P:6807] [T:49955320] Downloaded translations
Processing by UsersController#index as HTML
  [1m[36mUser Load (0.9ms)[0m  [1mSELECT `users`.* FROM `users`[0m
  Rendered users/index.html.erb within layouts/application (5.5ms)
Completed 200 OK in 33ms (Views: 30.0ms | ActiveRecord: 0.9ms)


Started GET "/assets/users.css?body=1" for 127.0.0.1 at 2013-12-31 12:04:15 +0530


Started GET "/assets/jquery.js?body=1" for 127.0.0.1 at 2013-12-31 12:04:15 +0530


Started GET "/assets/scaffolds.css?body=1" for 127.0.0.1 at 2013-12-31 12:04:15 +0530


Started GET "/assets/application.css?body=1" for 127.0.0.1 at 2013-12-31 12:04:15 +0530


Started GET "/assets/jquery_ujs.js?body=1" for 127.0.0.1 at 2013-12-31 12:04:15 +0530


Started GET "/assets/turbolinks.js?body=1" for 127.0.0.1 at 2013-12-31 12:04:15 +0530


Started GET "/assets/application.js?body=1" for 127.0.0.1 at 2013-12-31 12:04:15 +0530


Started GET "/assets/users.js?body=1" for 127.0.0.1 at 2013-12-31 12:04:15 +0530
** [Copycopter] [P:6807] [T:41571100] No new translations


Started GET "/users" for 127.0.0.1 at 2013-12-31 12:06:05 +0530
** [Copycopter] [P:6807] [T:47557880] No new translations
Processing by UsersController#index as HTML
  [1m[35mUser Load (0.8ms)[0m  SELECT `users`.* FROM `users`
  Rendered users/index.html.erb within layouts/application (8.6ms)
Completed 200 OK in 20ms (Views: 16.1ms | ActiveRecord: 0.8ms)


Started GET "/assets/application.css?body=1" for 127.0.0.1 at 2013-12-31 12:06:06 +0530


Started GET "/assets/jquery.js?body=1" for 127.0.0.1 at 2013-12-31 12:06:06 +0530


Started GET "/assets/turbolinks.js?body=1" for 127.0.0.1 at 2013-12-31 12:06:06 +0530


Started GET "/assets/users.css?body=1" for 127.0.0.1 at 2013-12-31 12:06:06 +0530


Started GET "/assets/jquery_ujs.js?body=1" for 127.0.0.1 at 2013-12-31 12:06:06 +0530


Started GET "/assets/scaffolds.css?body=1" for 127.0.0.1 at 2013-12-31 12:06:06 +0530


Started GET "/assets/users.js?body=1" for 127.0.0.1 at 2013-12-31 12:06:06 +0530


Started GET "/assets/application.js?body=1" for 127.0.0.1 at 2013-12-31 12:06:06 +0530


Started GET "/users" for 127.0.0.1 at 2013-12-31 12:06:28 +0530
** [Copycopter] [P:6807] [T:47589220] Downloaded translations
Processing by UsersController#index as HTML
  [1m[36mUser Load (0.8ms)[0m  [1mSELECT `users`.* FROM `users`[0m
  Rendered users/index.html.erb within layouts/application (6.3ms)
Completed 200 OK in 17ms (Views: 13.4ms | ActiveRecord: 0.8ms)


Started GET "/assets/scaffolds.css?body=1" for 127.0.0.1 at 2013-12-31 12:06:29 +0530


Started GET "/assets/application.css?body=1" for 127.0.0.1 at 2013-12-31 12:06:29 +0530


Started GET "/assets/jquery_ujs.js?body=1" for 127.0.0.1 at 2013-12-31 12:06:29 +0530


Started GET "/assets/turbolinks.js?body=1" for 127.0.0.1 at 2013-12-31 12:06:29 +0530


Started GET "/assets/users.css?body=1" for 127.0.0.1 at 2013-12-31 12:06:29 +0530


Started GET "/assets/jquery.js?body=1" for 127.0.0.1 at 2013-12-31 12:06:29 +0530


Started GET "/assets/users.js?body=1" for 127.0.0.1 at 2013-12-31 12:06:29 +0530


Started GET "/assets/application.js?body=1" for 127.0.0.1 at 2013-12-31 12:06:29 +0530
** [Copycopter] [P:6807] [T:41571100] No new translations


Started GET "/users" for 127.0.0.1 at 2013-12-31 12:14:39 +0530
** [Copycopter] [P:6807] [T:51275860] No new translations
Processing by UsersController#index as HTML
  [1m[35mUser Load (0.9ms)[0m  SELECT `users`.* FROM `users`
  Rendered users/index.html.erb within layouts/application (7.6ms)
Completed 200 OK in 18ms (Views: 14.9ms | ActiveRecord: 0.9ms)
** [Copycopter] [P:6807] [T:41571100] No new translations


Started GET "/users" for 127.0.0.1 at 2013-12-31 12:19:21 +0530
** [Copycopter] [P:6807] [T:52857500] Downloaded translations
Processing by UsersController#index as HTML
  [1m[36mUser Load (0.4ms)[0m  [1mSELECT `users`.* FROM `users`[0m
  Rendered users/index.html.erb within layouts/application (1.9ms)
Completed 200 OK in 12ms (Views: 9.1ms | ActiveRecord: 0.4ms)
** [Copycopter] [P:6807] [T:41571100] No new translations


Started GET "/users" for 127.0.0.1 at 2013-12-31 12:21:59 +0530
** [Copycopter] [P:6807] [T:53337980] Downloaded translations
Processing by UsersController#index as HTML
  [1m[35mUser Load (0.7ms)[0m  SELECT `users`.* FROM `users`
  Rendered users/index.html.erb within layouts/application (2.8ms)
Completed 200 OK in 15ms (Views: 10.3ms | ActiveRecord: 0.7ms)


Started GET "/assets/application.css?body=1" for 127.0.0.1 at 2013-12-31 12:22:00 +0530


Started GET "/assets/jquery.js?body=1" for 127.0.0.1 at 2013-12-31 12:22:00 +0530


Started GET "/assets/scaffolds.css?body=1" for 127.0.0.1 at 2013-12-31 12:22:00 +0530


Started GET "/assets/jquery_ujs.js?body=1" for 127.0.0.1 at 2013-12-31 12:22:00 +0530


Started GET "/assets/turbolinks.js?body=1" for 127.0.0.1 at 2013-12-31 12:22:00 +0530


Started GET "/assets/users.css?body=1" for 127.0.0.1 at 2013-12-31 12:22:00 +0530


Started GET "/assets/users.js?body=1" for 127.0.0.1 at 2013-12-31 12:22:00 +0530


Started GET "/assets/application.js?body=1" for 127.0.0.1 at 2013-12-31 12:22:00 +0530
** [Copycopter] [P:6807] [T:41571100] No new translations
** [Copycopter] [P:6807] [T:41571100] No new translations
